TN:
SF:src/connections.js
FN:7,(anonymous_0)
FNF:1
FNH:0
FNDA:0,(anonymous_0)
DA:1,1
DA:2,1
DA:4,1
DA:5,1
DA:7,1
DA:8,0
DA:9,0
DA:21,0
DA:24,1
LF:9
LH:6
BRDA:8,0,0,0
BRDA:8,0,1,0
BRF:2
BRH:0
end_of_record
TN:
SF:src/handlers.js
FN:5,(anonymous_0)
FN:13,(anonymous_1)
FN:100,(anonymous_2)
FNF:3
FNH:3
FNDA:3,(anonymous_0)
FNDA:3,(anonymous_1)
FNDA:1,(anonymous_2)
DA:1,1
DA:2,1
DA:5,1
DA:8,3
DA:10,3
DA:13,1
DA:15,3
DA:16,2
DA:17,2
DA:20,1
DA:21,1
DA:23,1
DA:24,1
DA:25,1
DA:26,1
DA:27,1
DA:29,1
DA:30,0
DA:31,0
DA:34,1
DA:35,0
DA:36,0
DA:39,1
DA:40,0
DA:41,0
DA:44,1
DA:45,0
DA:46,0
DA:47,0
DA:50,1
DA:51,0
DA:52,0
DA:53,0
DA:56,1
DA:57,0
DA:58,0
DA:61,1
DA:62,0
DA:63,0
DA:66,1
DA:68,1
DA:69,1
DA:71,0
DA:72,0
DA:75,1
DA:76,1
DA:78,1
DA:79,0
DA:80,0
DA:83,1
DA:84,1
DA:85,1
DA:87,1
DA:100,1
DA:101,1
DA:103,1
DA:104,1
DA:106,0
DA:107,0
DA:109,1
DA:112,1
LF:61
LH:39
BRDA:15,0,0,2
BRDA:15,0,1,1
BRDA:15,1,0,3
BRDA:15,1,1,3
BRDA:15,1,2,3
BRDA:15,1,3,3
BRDA:15,1,4,1
BRDA:29,2,0,0
BRDA:29,2,1,1
BRDA:34,3,0,0
BRDA:34,3,1,1
BRDA:39,4,0,0
BRDA:39,4,1,1
BRDA:44,5,0,0
BRDA:44,5,1,1
BRDA:50,6,0,0
BRDA:50,6,1,1
BRDA:56,7,0,0
BRDA:56,7,1,1
BRDA:61,8,0,0
BRDA:61,8,1,1
BRDA:78,9,0,0
BRDA:78,9,1,1
BRF:23
BRH:15
end_of_record
TN:
SF:src/functions/price.js
FN:1,dateDiffInYears
FN:12,calculatePrice
FNF:2
FNH:2
FNDA:4,dateDiffInYears
FNDA:3,calculatePrice
DA:2,4
DA:3,4
DA:4,4
DA:5,4
DA:6,0
DA:9,4
DA:13,3
DA:14,3
DA:15,3
DA:16,3
DA:17,3
DA:20,2
LF:12
LH:11
BRDA:5,0,0,0
BRDA:5,0,1,4
BRDA:15,1,0,0
BRDA:15,1,1,3
BRF:4
BRH:2
end_of_record
